<?xml version="1.0" encoding="UTF-8"?>
<testng-results skipped="0" failed="0" ignored="0" total="1" passed="1">
  <reporter-output>
  </reporter-output>
  <suite name="Surefire suite" duration-ms="5825" started-at="2020-12-27T01:00:03 CST" finished-at="2020-12-27T01:00:09 CST">
    <groups>
    </groups>
    <test name="Surefire test" duration-ms="5825" started-at="2020-12-27T01:00:03 CST" finished-at="2020-12-27T01:00:09 CST">
      <class name="com.test.selenium.LoginTest">
        <test-method status="PASS" signature="setUp()[pri:0, instance:com.test.selenium.LoginTest@271053e1]" name="setUp" is-config="true" duration-ms="4974" started-at="2020-12-27T01:00:03 CST" finished-at="2020-12-27T01:00:08 CST">
          <reporter-output>
          </reporter-output>
        </test-method> <!-- setUp -->
        <test-method status="PASS" signature="testmethod()[pri:0, instance:com.test.selenium.LoginTest@271053e1]" name="testmethod" duration-ms="153" started-at="2020-12-27T01:00:08 CST" finished-at="2020-12-27T01:00:08 CST">
          <reporter-output>
          </reporter-output>
        </test-method> <!-- testmethod -->
        <test-method status="PASS" signature="tearDown()[pri:0, instance:com.test.selenium.LoginTest@271053e1]" name="tearDown" is-config="true" duration-ms="660" started-at="2020-12-27T01:00:08 CST" finished-at="2020-12-27T01:00:09 CST">
          <reporter-output>
          </reporter-output>
        </test-method> <!-- tearDown -->
      </class> <!-- com.test.selenium.LoginTest -->
    </test> <!-- Surefire test -->
  </suite> <!-- Surefire suite -->
</testng-results>
