<?xml version="1.0" encoding="UTF-8"?>
<testng-results skipped="0" failed="0" ignored="0" total="1" passed="1">
  <reporter-output>
  </reporter-output>
  <suite name="Default suite" duration-ms="4889" started-at="2020-12-26T20:40:36 CST" finished-at="2020-12-26T20:40:41 CST">
    <groups>
    </groups>
    <test name="Default test" duration-ms="4889" started-at="2020-12-26T20:40:36 CST" finished-at="2020-12-26T20:40:41 CST">
      <class name="com.test.selenium.LoginTest">
        <test-method status="PASS" signature="setUp()[pri:0, instance:com.test.selenium.LoginTest@71bbf57e]" name="setUp" is-config="true" duration-ms="4746" started-at="2020-12-26T20:40:36 CST" finished-at="2020-12-26T20:40:41 CST">
          <reporter-output>
          </reporter-output>
        </test-method> <!-- setUp -->
        <test-method status="PASS" signature="testmethod()[pri:0, instance:com.test.selenium.LoginTest@71bbf57e]" name="testmethod" duration-ms="111" started-at="2020-12-26T20:40:41 CST" finished-at="2020-12-26T20:40:41 CST">
          <reporter-output>
          </reporter-output>
        </test-method> <!-- testmethod -->
      </class> <!-- com.test.selenium.LoginTest -->
    </test> <!-- Default test -->
  </suite> <!-- Default suite -->
</testng-results>
